<?xml version="1.0" encoding="UTF-8"?>
<testsuite name="com.example.calculator.HelloCalculator05Test" tests="1" skipped="0" failures="0" errors="0" timestamp="2017-11-30T07:04:52" hostname="I404_164" time="0.001">
  <properties/>
  <testcase name="divide" classname="com.example.calculator.HelloCalculator05Test" time="0.001"/>
  <system-out><![CDATA[]]></system-out>
  <system-err><![CDATA[]]></system-err>
</testsuite>
